{"/home/vscode/Attendance-1/frontend/scripts/index.js": {"path":"/home/vscode/Attendance-1/frontend/scripts/index.js","statementMap":{"0":{"start":{"line":1,"column":0},"end":{"line":15,"column":1}},"1":{"start":{"line":3,"column":4},"end":{"line":13,"column":5}},"2":{"start":{"line":4,"column":18},"end":{"line":4,"column":24}},"3":{"start":{"line":5,"column":8},"end":{"line":5,"column":51}},"4":{"start":{"line":6,"column":8},"end":{"line":6,"column":47}},"5":{"start":{"line":10,"column":18},"end":{"line":10,"column":24}},"6":{"start":{"line":11,"column":8},"end":{"line":11,"column":45}},"7":{"start":{"line":12,"column":8},"end":{"line":12,"column":41}},"8":{"start":{"line":19,"column":16},"end":{"line":19,"column":53}},"9":{"start":{"line":20,"column":18},"end":{"line":20,"column":38}},"10":{"start":{"line":21,"column":4},"end":{"line":21,"column":36}},"11":{"start":{"line":22,"column":4},"end":{"line":22,"column":23}},"12":{"start":{"line":23,"column":4},"end":{"line":23,"column":32}},"13":{"start":{"line":26,"column":0},"end":{"line":34,"column":1}},"14":{"start":{"line":28,"column":16},"end":{"line":28,"column":54}},"15":{"start":{"line":29,"column":18},"end":{"line":29,"column":38}},"16":{"start":{"line":30,"column":4},"end":{"line":30,"column":36}},"17":{"start":{"line":31,"column":4},"end":{"line":31,"column":23}},"18":{"start":{"line":32,"column":4},"end":{"line":32,"column":32}},"19":{"start":{"line":33,"column":4},"end":{"line":33,"column":18}},"20":{"start":{"line":37,"column":4},"end":{"line":37,"column":34}},"21":{"start":{"line":39,"column":16},"end":{"line":39,"column":43}},"22":{"start":{"line":40,"column":18},"end":{"line":40,"column":38}},"23":{"start":{"line":41,"column":4},"end":{"line":41,"column":36}},"24":{"start":{"line":42,"column":4},"end":{"line":42,"column":23}},"25":{"start":{"line":43,"column":4},"end":{"line":43,"column":32}},"26":{"start":{"line":53,"column":0},"end":{"line":55,"column":1}},"27":{"start":{"line":54,"column":4},"end":{"line":54,"column":17}}},"fnMap":{"0":{"name":"logConsole","decl":{"start":{"line":1,"column":38},"end":{"line":1,"column":48}},"loc":{"start":{"line":1,"column":63},"end":{"line":15,"column":1}},"line":1},"1":{"name":"getClasslist","decl":{"start":{"line":17,"column":9},"end":{"line":17,"column":21}},"loc":{"start":{"line":17,"column":24},"end":{"line":24,"column":1}},"line":17},"2":{"name":"getCalendarEvent","decl":{"start":{"line":26,"column":38},"end":{"line":26,"column":54}},"loc":{"start":{"line":26,"column":57},"end":{"line":34,"column":1}},"line":26},"3":{"name":"getBackend","decl":{"start":{"line":36,"column":9},"end":{"line":36,"column":19}},"loc":{"start":{"line":36,"column":22},"end":{"line":44,"column":1}},"line":36},"4":{"name":"add","decl":{"start":{"line":53,"column":30},"end":{"line":53,"column":33}},"loc":{"start":{"line":53,"column":40},"end":{"line":55,"column":1}},"line":53}},"branchMap":{"0":{"loc":{"start":{"line":3,"column":4},"end":{"line":13,"column":5}},"type":"if","locations":[{"start":{"line":3,"column":4},"end":{"line":13,"column":5}},{"start":{"line":8,"column":9},"end":{"line":13,"column":5}}],"line":3}},"s":{"0":1,"1":2,"2":1,"3":1,"4":1,"5":1,"6":1,"7":1,"8":0,"9":0,"10":0,"11":0,"12":0,"13":1,"14":1,"15":1,"16":0,"17":0,"18":0,"19":0,"20":0,"21":0,"22":0,"23":0,"24":0,"25":0,"26":1,"27":1},"f":{"0":2,"1":0,"2":1,"3":0,"4":1},"b":{"0":[1,1]},"_coverageSchema":"1a1c01bbd47fc00a2c39e90264f33305004495a9","hash":"fc56cbdf6a9e058eb7a47b903daf57bc5ebea0e4"}
}
