TN:
SF:frontend/scripts/index.js
FN:1,logConsole
FN:17,getClasslist
FN:26,getCalendarEvent
FN:36,getBackend
FN:53,add
FNF:5
FNH:3
FNDA:2,logConsole
FNDA:0,getClasslist
FNDA:1,getCalendarEvent
FNDA:0,getBackend
FNDA:1,add
DA:1,1
DA:3,2
DA:4,1
DA:5,1
DA:6,1
DA:10,1
DA:11,1
DA:12,1
DA:19,0
DA:20,0
DA:21,0
DA:22,0
DA:23,0
DA:26,1
DA:28,1
DA:29,1
DA:30,0
DA:31,0
DA:32,0
DA:33,0
DA:37,0
DA:39,0
DA:40,0
DA:41,0
DA:42,0
DA:43,0
DA:53,1
DA:54,1
LF:28
LH:13
BRDA:3,0,0,1
BRDA:3,0,1,1
BRF:2
BRH:2
end_of_record
